2024-08-02 13:15:47,267 [Worker-0: Loading available Gradle versions] INFO  o.e.b.c.i.u.g.PublishedGradleVersions - Gradle version information cache is out-of-date. Trying to update.
2024-08-02 13:35:37,882 [ModalContext] WARN  org.eclipse.jgit.util.FS_Win32 - Exception caught during execution of command '[bash, --login, -c, which git]' in 'C:\Users\PVG', return code '1', error message '<3>WSL (10) ERROR: CreateProcessParseCommon:711: Failed to translate C:\Users\PVG
<3>WSL (10) ERROR: CreateProcessParseCommon:757: getpwuid(0) failed 2
<3>WSL (10) ERROR: UtilTranslatePathList:2866: Failed to translate C:\Users\PVG\.p2\pool\plugins\org.eclipse.justj.openjdk.hotspot.jre.full.win32.x86_64_17.0.5.v20221102-0933\jre\bin\server
<3>WSL (10) ERROR: UtilTranslatePathList:2866: Failed to translate C:\Users\PVG\.p2\pool\plugins\org.eclipse.justj.openjdk.hotspot.jre.full.win32.x86_64_17.0.5.v20221102-0933\jre\bin
<3>WSL (10) ERROR: UtilTranslatePathList:2866: Failed to translate C:\Program Files (x86)\Common Files\Oracle\Java\javapath
<3>WSL (10) ERROR: UtilTranslatePathList:2866: Failed to translate C:\Python27\
<3>WSL (10) ERROR: UtilTranslatePathList:2866: Failed to translate C:\Python27\Scripts
<3>WSL (10) ERROR: UtilTranslatePathList:2866: Failed to translate C:\Windows\system32
<3>WSL (10) ERROR: UtilTranslatePathList:2866: Failed to translate C:\Windows
<3>WSL (10) ERROR: UtilTranslatePathList:2866: Failed to translate C:\Windows\System32\Wbem
<3>WSL (10) ERROR: UtilTranslatePathList:2866: Failed to translate C:\Windows\System32\WindowsPowerShell\v1.0\
<3>WSL (10) ERROR: UtilTranslatePathList:2866: Failed to translate C:\Windows\System32\OpenSSH\
<3>WSL (10) ERROR: UtilTranslatePathList:2866: Failed to translate C:\Program Files\nodejs\
<3>WSL (10) ERROR: UtilTranslatePathList:2866: Failed to translate C:\Program Files\Docker\Docker\resources\bin
<3>WSL (10) ERROR: UtilTranslatePathList:2866: Failed to translate C:\ProgramData\Microsoft\Windows\Start Menu\Programs\Python 2.7
<3>WSL (10) ERROR: UtilTranslatePathList:2866: Failed to translate C:\Users\PVG\AppData\Local\Microsoft\WindowsApps
<3>WSL (10) ERROR: UtilTranslatePathList:2866: Failed to translate C:\Users\PVG\AppData\Local\Programs\Microsoft VS Code\bin
<3>WSL (10) ERROR: UtilTranslatePathList:2866: Failed to translate C:\Users\PVG\AppData\Local\Google\Cloud SDK\google-cloud-sdk\bin
<3>WSL (10) ERROR: UtilTranslatePathList:2866: Failed to translate C:\Users\PVG\AppData\Roaming\npm
<3>WSL (10) ERROR: UtilTranslatePathList:2866: Failed to translate C:\Windows\system32
<3>WSL (10) ERROR: CreateProcessEntryCommon:334: getpwuid(0) failed 2
<3>WSL (10) ERROR: CreateProcessEntryCommon:505: execvpe /bin/bash failed 2
<3>WSL (10) ERROR: CreateProcessEntryCommon:508: Create process not expected to return
'
2024-08-02 13:42:25,971 [Worker-16: Cloning from https://github.com/Neevs1/OOPs_Assignments.git] WARN  org.eclipse.jgit.lib.Repository - close() called when useCnt is already zero for Repository[C:\Users\PVG\git\OOPs_Assignments\.git]
2024-08-02 13:47:38,744 [Worker-16: Remove Repositories] WARN  org.eclipse.jgit.lib.Repository - close() called when useCnt is already zero for Repository[D:\3069_Neevan\Assignments\OOPs_Assignments\.git]
